Flutter crash report.
Please report a bug at https://github.com/flutter/flutter/issues.

## command

flutter run --machine --start-paused -d BB741D42-5905-480F-BB64-E555BD2B3FF3 --devtools-server-address http://127.0.0.1:9100/ --target /Users/alihashim/StudioProjects/cbc_company/cbc_ali_jafar/cbcApp/lib/main.dart

## exception

ShaderCompilerException: ShaderCompilerException: The impellerc utility is missing at "/Users/alihashim/Desktop/flutter/bin/cache/artifacts/engine/darwin-x64/impellerc". Run "flutter doctor".



```
#0      ShaderCompiler.compileShader (package:flutter_tools/src/build_system/tools/shader_compiler.dart:161:7)
#1      DevelopmentShaderCompiler.recompileShader (package:flutter_tools/src/build_system/tools/shader_compiler.dart:68:50)
<asynchronous suspension>
#2      DevFS.update.<anonymous closure>.<anonymous closure> (package:flutter_tools/src/devfs.dart:645:26)
<asynchronous suspension>
```

## flutter doctor

```
[☠] Flutter (the doctor check crashed)
    ✗ Due to an error, the doctor check did not complete. If the error message below is not helpful, please let us know about this issue at https://github.com/flutter/flutter/issues.
    ✗ Exception: Could not find directory at /Users/alihashim/Desktop/flutter/bin/cache/dart-sdk/bin/resources/devtools
    • #0      Cache.devToolsVersion (package:flutter_tools/src/cache.dart:387:9)
      #1      _DefaultDoctorValidatorsProvider.validators.<anonymous closure> (package:flutter_tools/src/doctor.dart:134:46)
      #2      FlutterValidator.validate (package:flutter_tools/src/doctor.dart:553:84)
      #3      Doctor.startValidatorTasks.<anonymous closure> (package:flutter_tools/src/doctor.dart:245:72)
      #4      asyncGuard.<anonymous closure> (package:flutter_tools/src/base/async_guard.dart:111:32)
      #5      _rootRun (dart:async/zone.dart:1414:13)
      #6      _CustomZone.run (dart:async/zone.dart:1317:19)
      #7      _runZoned (dart:async/zone.dart:1838:10)
      #8      runZonedGuarded (dart:async/zone.dart:1826:12)
      #9      runZoned (dart:async/zone.dart:1774:12)
      #10     asyncGuard (package:flutter_tools/src/base/async_guard.dart:109:3)
      #11     Doctor.startValidatorTasks (package:flutter_tools/src/doctor.dart:237:9)
      #12     DoctorText._validatorTasks (package:flutter_tools/src/doctor.dart:766:60)
      #13     DoctorText._validatorTasks (package:flutter_tools/src/doctor.dart)
      #14     DoctorText._runDiagnosis (package:flutter_tools/src/doctor.dart:770:53)
      #15     DoctorText.text (package:flutter_tools/src/doctor.dart:762:36)
      #16     DoctorText.text (package:flutter_tools/src/doctor.dart)
      #17     _createLocalCrashReport (package:flutter_tools/runner.dart:284:51)
      #18     _handleToolError (package:flutter_tools/runner.dart:246:31)
      <asynchronous suspension>
      #19     run.<anonymous closure>.<anonymous closure> (package:flutter_tools/runner.dart:154:7)
      <asynchronous suspension>


[✓] Android toolchain - develop for Android devices (Android SDK version 35.0.0-rc3)
    • Android SDK at /Users/alihashim/Library/Android/sdk
    • Platform android-35, build-tools 35.0.0-rc3
    • Java binary at: /Applications/Android Studio.app/Contents/jbr/Contents/Home/bin/java
    • Java version OpenJDK Runtime Environment (build 17.0.10+0-17.0.10b1087.21-11572160)
    • All Android licenses accepted.

[✓] Xcode - develop for iOS and macOS (Xcode 16.2)
    • Xcode at /Applications/Xcode.app/Contents/Developer
    • Build 16C5032a
    • CocoaPods version 1.16.2

[✓] Chrome - develop for the web
    • Chrome at /Applications/Google Chrome.app/Contents/MacOS/Google Chrome

[✓] Android Studio (version 2023.3)
    • Android Studio at /Applications/Android Studio.app/Contents
    • Flutter plugin can be installed from:
      🔨 https://plugins.jetbrains.com/plugin/9212-flutter
    • Dart plugin can be installed from:
      🔨 https://plugins.jetbrains.com/plugin/6351-dart
    • Java version OpenJDK Runtime Environment (build 17.0.10+0-17.0.10b1087.21-11572160)

[✓] VS Code (version 1.96.4)
    • VS Code at /Applications/Visual Studio Code.app/Contents
    • Flutter extension version 3.102.0

[✓] Connected device (6 available)
    • sdk gphone64 arm64 (mobile)     • emulator-5554                        • android-arm64  • Android 13 (API 33) (emulator)
    • C (mobile)                      • 00008030-0008392802C3402E            • ios            • iOS 18.1.1 22B91
    • iPhone 16 (mobile)              • BB741D42-5905-480F-BB64-E555BD2B3FF3 • ios            • com.apple.CoreSimulator.SimRuntime.iOS-18-2 (simulator)
    • macOS (desktop)                 • macos                                • darwin-arm64   • macOS 15.2 24C101 darwin-arm64
    • Mac Designed for iPad (desktop) • mac-designed-for-ipad                • darwin         • macOS 15.2 24C101 darwin-arm64
    • Chrome (web)                    • chrome                               • web-javascript • Google Chrome 132.0.6834.160

[✓] Network resources
    • All expected network resources are available.

! Doctor found issues in 1 category.
```
